[INFO] Scanning for projects...
[INFO] 
[INFO] ------------------< com.rafatech:person-contact-api >-------------------
[INFO] Building person-contact-api 0.0.1-SNAPSHOT
[INFO] --------------------------------[ jar ]---------------------------------
[INFO] 
[INFO] --- maven-clean-plugin:3.1.0:clean (default-clean) @ person-contact-api ---
[INFO] Deleting D:\Web\Projetos\person-contact\person-contact-api\target
[INFO] 
[INFO] --- apt-maven-plugin:1.1.3:process (default) @ person-contact-api ---
[INFO] 
[INFO] --- maven-resources-plugin:3.1.0:resources (default-resources) @ person-contact-api ---
[INFO] Using 'UTF-8' encoding to copy filtered resources.
[INFO] Copying 1 resource
[INFO] Copying 3 resources
[INFO] 
[INFO] --- maven-compiler-plugin:3.8.1:compile (default-compile) @ person-contact-api ---
[INFO] Changes detected - recompiling the module!
[INFO] Compiling 16 source files to D:\Web\Projetos\person-contact\person-contact-api\target\classes
[INFO] ------------------------------------------------------------------------
[INFO] BUILD SUCCESS
[INFO] ------------------------------------------------------------------------
[INFO] Total time:  3.181 s
[INFO] Finished at: 2020-11-18T21:50:27-02:00
[INFO] ------------------------------------------------------------------------
